<?xml version="1.0" encoding="UTF-8"?>
<!-- Generated by org.testng.reporters.JUnitXMLReporter -->
<testsuite hostname="Girish-QHSM41T" ignored="2" name="Test" tests="23" failures="1" timestamp="10 Feb 2022 06:56:13 GMT" time="25.085" errors="0">
  <testcase name="@BeforeClass setEnv" time="24.819" classname="javaPackage.TestNG8">
    <failure type="org.openqa.selenium.WebDriverException" message="Timed out waiting for driver server to start.
Build info: version: &amp;apos;3.141.59&amp;apos;, revision: &amp;apos;e82be7d358&amp;apos;, time: &amp;apos;2018-11-14T08:25:48&amp;apos;
System info: host: &amp;apos;GIRISH-QHSM41T&amp;apos;, ip: &amp;apos;192.168.43.168&amp;apos;, os.name: &amp;apos;Windows 10&amp;apos;, os.arch: &amp;apos;amd64&amp;apos;, os.version: &amp;apos;10.0&amp;apos;, java.version: &amp;apos;1.8.0_202&amp;apos;
Driver info: driver.version: ChromeDriver">
      <![CDATA[org.openqa.selenium.WebDriverException: Timed out waiting for driver server to start.
Build info: version: '3.141.59', revision: 'e82be7d358', time: '2018-11-14T08:25:48'
System info: host: 'GIRISH-QHSM41T', ip: '192.168.43.168', os.name: 'Windows 10', os.arch: 'amd64', os.version: '10.0', java.version: '1.8.0_202'
Driver info: driver.version: ChromeDriver
at org.openqa.selenium.remote.service.DriverService.waitUntilAvailable(DriverService.java:202)
at org.openqa.selenium.remote.service.DriverService.start(DriverService.java:188)
at org.openqa.selenium.remote.service.DriverCommandExecutor.execute(DriverCommandExecutor.java:79)
at org.openqa.selenium.remote.RemoteWebDriver.execute(RemoteWebDriver.java:552)
at org.openqa.selenium.remote.RemoteWebDriver.startSession(RemoteWebDriver.java:213)
at org.openqa.selenium.remote.RemoteWebDriver.<init>(RemoteWebDriver.java:131)
at org.openqa.selenium.chrome.ChromeDriver.<init>(ChromeDriver.java:181)
at org.openqa.selenium.chrome.ChromeDriver.<init>(ChromeDriver.java:168)
at org.openqa.selenium.chrome.ChromeDriver.<init>(ChromeDriver.java:123)
at javaPackage.TestNG8.setEnv(TestNG8.java:19)
Caused by: org.openqa.selenium.net.UrlChecker$TimeoutException: Timed out waiting for [http://localhost:27352/status] to be available after 20018 ms
at org.openqa.selenium.net.UrlChecker.waitUntilAvailable(UrlChecker.java:100)
at org.openqa.selenium.remote.service.DriverService.waitUntilAvailable(DriverService.java:197)
... 35 more
Caused by: java.util.concurrent.TimeoutException
at java.util.concurrent.FutureTask.get(Unknown Source)
at com.google.common.util.concurrent.SimpleTimeLimiter.callWithTimeout(SimpleTimeLimiter.java:156)
at org.openqa.selenium.net.UrlChecker.waitUntilAvailable(UrlChecker.java:75)
... 36 more
... Removed 26 stack frames]]>
    </failure>
  </testcase> <!-- @BeforeClass setEnv -->
  <testcase name="a" time="0.009" classname="javaPackage.TestNG4"/>
  <testcase name="b" time="0.002" classname="javaPackage.TestNG4"/>
  <testcase name="assertionCheck" time="0.059" classname="javaPackage.TestNG2"/>
  <testcase name="a2" time="0.002" classname="javaPackage.TestNG1"/>
  <testcase name="a1" time="0.002" classname="javaPackage.TestNG1"/>
  <testcase name="a3" time="0.002" classname="javaPackage.TestNG4"/>
  <testcase name="e" time="0.002" classname="javaPackage.TestNG4"/>
  <testcase name="s" time="0.002" classname="javaPackage.TestNG4"/>
  <testcase name="z" time="0.002" classname="javaPackage.TestNG4"/>
  <testcase name="a1" time="0.002" classname="javaPackage.TestNG3"/>
  <testcase name="a3" time="0.002" classname="javaPackage.TestNG3"/>
  <testcase name="b" time="0.002" classname="javaPackage.TestNG3"/>
  <testcase name="z" time="0.002" classname="javaPackage.TestNG3"/>
  <testcase name="a" time="0.001" classname="javaPackage.TestNG6"/>
  <testcase name="c" time="0.002" classname="javaPackage.TestNG6"/>
  <testcase name="c" time="0.002" classname="javaPackage.TestNG6"/>
  <testcase name="c" time="0.001" classname="javaPackage.TestNG5"/>
  <testcase name="c" time="0.001" classname="javaPackage.TestNG5"/>
  <testcase name="e" time="0.003" classname="javaPackage.TestNG5">
    <skipped/>
  </testcase> <!-- e -->
  <testcase name="enterCred" time="0.0" classname="javaPackage.TestNG8">
    <skipped/>
  </testcase> <!-- enterCred -->
  <testcase name="enterCred" time="0.0" classname="javaPackage.TestNG8">
    <skipped/>
  </testcase> <!-- enterCred -->
  <testcase name="enterCred" time="0.0" classname="javaPackage.TestNG8">
    <skipped/>
  </testcase> <!-- enterCred -->
  <testcase name="z" time="0.001" classname="javaPackage.TestNG7">
    <failure type="java.lang.AssertionError" message="expected [true] but found [false]">
      <![CDATA[java.lang.AssertionError: expected [true] but found [false]
at javaPackage.TestNG7.z(TestNG7.java:11)
... Removed 29 stack frames]]>
    </failure>
  </testcase> <!-- z -->
  <testcase name="b" time="0.0" classname="javaPackage.TestNG6">
    <ignored/>
  </testcase> <!-- b -->
  <testcase name="b" time="0.0" classname="javaPackage.TestNG5">
    <ignored/>
  </testcase> <!-- b -->
</testsuite> <!-- Test -->
